2025-12-08 20:18:30.804 [background-preinit] INFO  o.h.validator.internal.util.Version - HV000001: Hibernate Validator 8.0.3.Final
2025-12-08 20:18:30.866 [restartedMain] INFO  c.s.s.SuivieAcademiqueApplication - Starting SuivieAcademiqueApplication using Java 23.0.1 with PID 21968 (A:\EADL\Semestre_1\Developpement avance\suivie_academique\target\classes started by Wulfrid MBONGO in A:\EADL\Semestre_1\Developpement avance\suivie_academique)
2025-12-08 20:18:30.867 [restartedMain] DEBUG c.s.s.SuivieAcademiqueApplication - Running with Spring Boot v3.5.7, Spring v6.2.12
2025-12-08 20:18:30.867 [restartedMain] INFO  c.s.s.SuivieAcademiqueApplication - No active profile set, falling back to 1 default profile: "default"
2025-12-08 20:18:30.939 [restartedMain] INFO  o.s.b.d.e.DevToolsPropertyDefaultsPostProcessor - Devtools property defaults active! Set 'spring.devtools.add-properties' to 'false' to disable
2025-12-08 20:18:30.940 [restartedMain] INFO  o.s.b.d.e.DevToolsPropertyDefaultsPostProcessor - For additional web related logging consider setting the 'logging.level.web' property to 'DEBUG'
2025-12-08 20:18:32.453 [restartedMain] INFO  o.s.d.r.c.RepositoryConfigurationDelegate - Bootstrapping Spring Data JPA repositories in DEFAULT mode.
2025-12-08 20:18:32.553 [restartedMain] INFO  o.s.d.r.c.RepositoryConfigurationDelegate - Finished Spring Data repository scanning in 85 ms. Found 5 JPA repository interfaces.
2025-12-08 20:18:33.909 [restartedMain] INFO  o.s.b.w.e.tomcat.TomcatWebServer - Tomcat initialized with port 8089 (http)
2025-12-08 20:18:33.927 [restartedMain] INFO  o.a.coyote.http11.Http11NioProtocol - Initializing ProtocolHandler ["http-nio-8089"]
2025-12-08 20:18:33.930 [restartedMain] INFO  o.a.catalina.core.StandardService - Starting service [Tomcat]
2025-12-08 20:18:33.931 [restartedMain] INFO  o.a.catalina.core.StandardEngine - Starting Servlet engine: [Apache Tomcat/10.1.48]
2025-12-08 20:18:34.005 [restartedMain] INFO  o.a.c.c.C.[Tomcat].[localhost].[/] - Initializing Spring embedded WebApplicationContext
2025-12-08 20:18:34.006 [restartedMain] INFO  o.s.b.w.s.c.ServletWebServerApplicationContext - Root WebApplicationContext: initialization completed in 3066 ms
2025-12-08 20:18:34.453 [restartedMain] DEBUG o.s.w.f.ServerHttpObservationFilter - Filter 'webMvcObservationFilter' configured for use
2025-12-08 20:18:34.748 [restartedMain] INFO  o.h.jpa.internal.util.LogHelper - HHH000204: Processing PersistenceUnitInfo [name: default]
2025-12-08 20:18:34.824 [restartedMain] INFO  org.hibernate.Version - HHH000412: Hibernate ORM core version 6.6.33.Final
2025-12-08 20:18:34.872 [restartedMain] INFO  o.h.c.i.RegionFactoryInitiator - HHH000026: Second-level cache disabled
2025-12-08 20:18:35.279 [restartedMain] INFO  o.s.o.j.p.SpringPersistenceUnitInfo - No LoadTimeWeaver setup: ignoring JPA class transformer
2025-12-08 20:18:35.322 [restartedMain] INFO  com.zaxxer.hikari.HikariDataSource - HikariPool-1 - Starting...
2025-12-08 20:18:35.542 [restartedMain] INFO  com.zaxxer.hikari.pool.HikariPool - HikariPool-1 - Added connection com.mysql.cj.jdbc.ConnectionImpl@527f6376
2025-12-08 20:18:35.545 [restartedMain] INFO  com.zaxxer.hikari.HikariDataSource - HikariPool-1 - Start completed.
2025-12-08 20:18:35.601 [restartedMain] WARN  org.hibernate.dialect.Dialect - HHH000511: The 5.5.5 version for [org.hibernate.dialect.MySQLDialect] is no longer supported, hence certain features may not work properly. The minimum supported version is 8.0.0. Check the community dialects project for available legacy versions.
2025-12-08 20:18:35.606 [restartedMain] WARN  org.hibernate.orm.deprecation - HHH90000025: MySQLDialect does not need to be specified explicitly using 'hibernate.dialect' (remove the property setting and it will be selected by default)
2025-12-08 20:18:35.631 [restartedMain] INFO  o.hibernate.orm.connections.pooling - HHH10001005: Database info:
	Database JDBC URL [Connecting through datasource 'HikariDataSource (HikariPool-1)']
	Database driver: undefined/unknown
	Database version: 5.5.5
	Autocommit mode: undefined/unknown
	Isolation level: undefined/unknown
	Minimum pool size: undefined/unknown
	Maximum pool size: undefined/unknown
2025-12-08 20:18:37.132 [restartedMain] INFO  o.h.e.t.j.p.i.JtaPlatformInitiator - HHH000489: No JTA platform available (set 'hibernate.transaction.jta.platform' to enable JTA platform integration)
2025-12-08 20:18:37.292 [restartedMain] INFO  o.s.o.j.LocalContainerEntityManagerFactoryBean - Initialized JPA EntityManagerFactory for persistence unit 'default'
2025-12-08 20:18:37.779 [restartedMain] INFO  o.s.d.j.r.query.QueryEnhancerFactory - Hibernate is in classpath; If applicable, HQL parser will be used.
2025-12-08 20:18:39.363 [restartedMain] INFO  o.s.s.c.a.a.c.InitializeAuthenticationProviderBeanManagerConfigurer$InitializeAuthenticationProviderManagerConfigurer - Global AuthenticationManager configured with AuthenticationProvider bean with name authenticationProvider
2025-12-08 20:18:39.364 [restartedMain] WARN  o.s.s.c.a.a.c.InitializeUserDetailsBeanManagerConfigurer$InitializeUserDetailsManagerConfigurer - Global AuthenticationManager configured with an AuthenticationProvider bean. UserDetailsService beans will not be used by Spring Security for automatically configuring username/password login. Consider removing the AuthenticationProvider bean. Alternatively, consider using the UserDetailsService in a manually instantiated DaoAuthenticationProvider. If the current configuration is intentional, to turn off this warning, increase the logging level of 'org.springframework.security.config.annotation.authentication.configuration.InitializeUserDetailsBeanManagerConfigurer' to ERROR
2025-12-08 20:18:41.190 [restartedMain] WARN  o.s.b.a.o.j.JpaBaseConfiguration$JpaWebConfiguration - spring.jpa.open-in-view is enabled by default. Therefore, database queries may be performed during view rendering. Explicitly configure spring.jpa.open-in-view to disable this warning
2025-12-08 20:18:41.586 [restartedMain] DEBUG o.s.w.s.m.m.a.RequestMappingHandlerMapping - 46 mappings in 'requestMappingHandlerMapping'
2025-12-08 20:18:41.889 [restartedMain] DEBUG o.s.w.s.h.SimpleUrlHandlerMapping - Patterns [/webjars/**, /**, /swagger-ui*/*swagger-initializer.js, /swagger-ui*/**] in 'resourceHandlerMapping'
2025-12-08 20:18:42.163 [restartedMain] INFO  o.s.b.a.e.web.EndpointLinksResolver - Exposing 5 endpoints beneath base path '/actuator'
2025-12-08 20:18:42.365 [restartedMain] DEBUG o.s.s.web.DefaultSecurityFilterChain - Will secure any request with filters: DisableEncodeUrlFilter, WebAsyncManagerIntegrationFilter, SecurityContextHolderFilter, HeaderWriterFilter, LogoutFilter, JwtAuthenticationFilter, RequestCacheAwareFilter, SecurityContextHolderAwareRequestFilter, AnonymousAuthenticationFilter, SessionManagementFilter, ExceptionTranslationFilter, AuthorizationFilter
2025-12-08 20:18:42.574 [restartedMain] DEBUG o.s.w.s.m.m.a.RequestMappingHandlerAdapter - ControllerAdvice beans: 0 @ModelAttribute, 0 @InitBinder, 1 RequestBodyAdvice, 1 ResponseBodyAdvice
2025-12-08 20:18:42.696 [restartedMain] DEBUG o.s.w.s.m.m.a.ExceptionHandlerExceptionResolver - ControllerAdvice beans: 1 @ExceptionHandler, 1 ResponseBodyAdvice
2025-12-08 20:18:43.592 [restartedMain] INFO  o.s.b.d.a.OptionalLiveReloadServer - LiveReload server is running on port 35729
2025-12-08 20:18:43.694 [restartedMain] INFO  o.a.coyote.http11.Http11NioProtocol - Starting ProtocolHandler ["http-nio-8089"]
2025-12-08 20:18:43.717 [restartedMain] INFO  o.s.b.w.e.tomcat.TomcatWebServer - Tomcat started on port 8089 (http) with context path '/'
2025-12-08 20:18:43.733 [restartedMain] INFO  c.s.s.SuivieAcademiqueApplication - Started SuivieAcademiqueApplication in 13.638 seconds (process running for 14.707)
2025-12-08 20:24:18.593 [http-nio-8089-exec-1] INFO  o.a.c.c.C.[Tomcat].[localhost].[/] - Initializing Spring DispatcherServlet 'dispatcherServlet'
2025-12-08 20:24:18.593 [http-nio-8089-exec-1] INFO  o.s.web.servlet.DispatcherServlet - Initializing Servlet 'dispatcherServlet'
2025-12-08 20:24:18.593 [http-nio-8089-exec-1] DEBUG o.s.web.servlet.DispatcherServlet - Detected StandardServletMultipartResolver
2025-12-08 20:24:18.594 [http-nio-8089-exec-1] DEBUG o.s.web.servlet.DispatcherServlet - Detected AcceptHeaderLocaleResolver
2025-12-08 20:24:18.594 [http-nio-8089-exec-1] DEBUG o.s.web.servlet.DispatcherServlet - Detected FixedThemeResolver
2025-12-08 20:24:18.595 [http-nio-8089-exec-1] DEBUG o.s.web.servlet.DispatcherServlet - Detected org.springframework.web.servlet.view.DefaultRequestToViewNameTranslator@7c72726f
2025-12-08 20:24:18.596 [http-nio-8089-exec-1] DEBUG o.s.web.servlet.DispatcherServlet - Detected org.springframework.web.servlet.support.SessionFlashMapManager@4307ba24
2025-12-08 20:24:18.596 [http-nio-8089-exec-1] DEBUG o.s.web.servlet.DispatcherServlet - enableLoggingRequestDetails='false': request parameters and headers will be masked to prevent unsafe logging of potentially sensitive data
2025-12-08 20:24:18.596 [http-nio-8089-exec-1] INFO  o.s.web.servlet.DispatcherServlet - Completed initialization in 3 ms
2025-12-08 20:24:18.626 [http-nio-8089-exec-1] DEBUG o.s.security.web.FilterChainProxy - Securing GET /swagger-ui/index.html
2025-12-08 20:24:18.645 [http-nio-8089-exec-1] DEBUG o.s.s.w.a.AnonymousAuthenticationFilter - Set SecurityContextHolder to anonymous SecurityContext
2025-12-08 20:24:18.654 [http-nio-8089-exec-1] DEBUG o.s.security.web.FilterChainProxy - Secured GET /swagger-ui/index.html
2025-12-08 20:24:18.657 [http-nio-8089-exec-1] DEBUG o.s.web.servlet.DispatcherServlet - GET "/swagger-ui/index.html", parameters={}
2025-12-08 20:24:18.664 [http-nio-8089-exec-1] DEBUG o.s.w.s.h.SimpleUrlHandlerMapping - Mapped to ResourceHttpRequestHandler [classpath [META-INF/resources/webjars/]]
2025-12-08 20:24:18.700 [http-nio-8089-exec-1] DEBUG o.s.web.servlet.DispatcherServlet - Completed 200 OK
2025-12-08 20:24:18.736 [http-nio-8089-exec-2] DEBUG o.s.security.web.FilterChainProxy - Securing GET /swagger-ui/swagger-ui.css
2025-12-08 20:24:18.736 [http-nio-8089-exec-5] DEBUG o.s.security.web.FilterChainProxy - Securing GET /swagger-ui/swagger-ui-bundle.js
2025-12-08 20:24:18.737 [http-nio-8089-exec-3] DEBUG o.s.security.web.FilterChainProxy - Securing GET /swagger-ui/index.css
2025-12-08 20:24:18.737 [http-nio-8089-exec-5] DEBUG o.s.s.w.a.AnonymousAuthenticationFilter - Set SecurityContextHolder to anonymous SecurityContext
2025-12-08 20:24:18.737 [http-nio-8089-exec-2] DEBUG o.s.s.w.a.AnonymousAuthenticationFilter - Set SecurityContextHolder to anonymous SecurityContext
2025-12-08 20:24:18.737 [http-nio-8089-exec-3] DEBUG o.s.s.w.a.AnonymousAuthenticationFilter - Set SecurityContextHolder to anonymous SecurityContext
2025-12-08 20:24:18.738 [http-nio-8089-exec-5] DEBUG o.s.security.web.FilterChainProxy - Secured GET /swagger-ui/swagger-ui-bundle.js
2025-12-08 20:24:18.738 [http-nio-8089-exec-5] DEBUG o.s.web.servlet.DispatcherServlet - GET "/swagger-ui/swagger-ui-bundle.js", parameters={}
2025-12-08 20:24:18.738 [http-nio-8089-exec-3] DEBUG o.s.security.web.FilterChainProxy - Secured GET /swagger-ui/index.css
2025-12-08 20:24:18.738 [http-nio-8089-exec-2] DEBUG o.s.security.web.FilterChainProxy - Secured GET /swagger-ui/swagger-ui.css
2025-12-08 20:24:18.738 [http-nio-8089-exec-6] DEBUG o.s.security.web.FilterChainProxy - Securing GET /swagger-ui/swagger-initializer.js
2025-12-08 20:24:18.738 [http-nio-8089-exec-3] DEBUG o.s.web.servlet.DispatcherServlet - GET "/swagger-ui/index.css", parameters={}
2025-12-08 20:24:18.738 [http-nio-8089-exec-2] DEBUG o.s.web.servlet.DispatcherServlet - GET "/swagger-ui/swagger-ui.css", parameters={}
2025-12-08 20:24:18.737 [http-nio-8089-exec-4] DEBUG o.s.security.web.FilterChainProxy - Securing GET /swagger-ui/swagger-ui-standalone-preset.js
2025-12-08 20:24:18.739 [http-nio-8089-exec-5] DEBUG o.s.w.s.h.SimpleUrlHandlerMapping - Mapped to ResourceHttpRequestHandler [classpath [META-INF/resources/webjars/]]
2025-12-08 20:24:18.739 [http-nio-8089-exec-6] DEBUG o.s.s.w.a.AnonymousAuthenticationFilter - Set SecurityContextHolder to anonymous SecurityContext
2025-12-08 20:24:18.739 [http-nio-8089-exec-4] DEBUG o.s.s.w.a.AnonymousAuthenticationFilter - Set SecurityContextHolder to anonymous SecurityContext
2025-12-08 20:24:18.739 [http-nio-8089-exec-2] DEBUG o.s.w.s.h.SimpleUrlHandlerMapping - Mapped to ResourceHttpRequestHandler [classpath [META-INF/resources/webjars/]]
2025-12-08 20:24:18.739 [http-nio-8089-exec-3] DEBUG o.s.w.s.h.SimpleUrlHandlerMapping - Mapped to ResourceHttpRequestHandler [classpath [META-INF/resources/webjars/]]
2025-12-08 20:24:18.740 [http-nio-8089-exec-6] DEBUG o.s.security.web.FilterChainProxy - Secured GET /swagger-ui/swagger-initializer.js
2025-12-08 20:24:18.740 [http-nio-8089-exec-6] DEBUG o.s.web.servlet.DispatcherServlet - GET "/swagger-ui/swagger-initializer.js", parameters={}
2025-12-08 20:24:18.740 [http-nio-8089-exec-4] DEBUG o.s.security.web.FilterChainProxy - Secured GET /swagger-ui/swagger-ui-standalone-preset.js
2025-12-08 20:24:18.740 [http-nio-8089-exec-4] DEBUG o.s.web.servlet.DispatcherServlet - GET "/swagger-ui/swagger-ui-standalone-preset.js", parameters={}
2025-12-08 20:24:18.741 [http-nio-8089-exec-4] DEBUG o.s.w.s.h.SimpleUrlHandlerMapping - Mapped to ResourceHttpRequestHandler [classpath [META-INF/resources/webjars/]]
2025-12-08 20:24:18.741 [http-nio-8089-exec-6] DEBUG o.s.w.s.h.SimpleUrlHandlerMapping - Mapped to ResourceHttpRequestHandler [classpath [META-INF/resources/webjars/]]
2025-12-08 20:24:18.745 [http-nio-8089-exec-3] DEBUG o.s.web.servlet.DispatcherServlet - Completed 200 OK
2025-12-08 20:24:18.754 [http-nio-8089-exec-4] DEBUG o.s.web.servlet.DispatcherServlet - Completed 200 OK
2025-12-08 20:24:18.768 [http-nio-8089-exec-2] DEBUG o.s.web.servlet.DispatcherServlet - Completed 200 OK
2025-12-08 20:24:18.786 [http-nio-8089-exec-6] DEBUG o.s.web.servlet.DispatcherServlet - Completed 200 OK
2025-12-08 20:24:18.790 [http-nio-8089-exec-5] DEBUG o.s.web.servlet.DispatcherServlet - Completed 200 OK
2025-12-08 20:24:18.992 [http-nio-8089-exec-7] DEBUG o.s.security.web.FilterChainProxy - Securing GET /v3/api-docs/swagger-config
2025-12-08 20:24:18.993 [http-nio-8089-exec-8] DEBUG o.s.security.web.FilterChainProxy - Securing GET /swagger-ui/favicon-32x32.png
2025-12-08 20:24:18.993 [http-nio-8089-exec-7] DEBUG o.s.s.w.a.AnonymousAuthenticationFilter - Set SecurityContextHolder to anonymous SecurityContext
2025-12-08 20:24:18.994 [http-nio-8089-exec-8] DEBUG o.s.s.w.a.AnonymousAuthenticationFilter - Set SecurityContextHolder to anonymous SecurityContext
2025-12-08 20:24:18.994 [http-nio-8089-exec-7] DEBUG o.s.security.web.FilterChainProxy - Secured GET /v3/api-docs/swagger-config
2025-12-08 20:24:18.994 [http-nio-8089-exec-7] DEBUG o.s.web.servlet.DispatcherServlet - GET "/v3/api-docs/swagger-config", parameters={}
2025-12-08 20:24:18.995 [http-nio-8089-exec-8] DEBUG o.s.security.web.FilterChainProxy - Secured GET /swagger-ui/favicon-32x32.png
2025-12-08 20:24:18.995 [http-nio-8089-exec-7] DEBUG o.s.w.s.m.m.a.RequestMappingHandlerMapping - Mapped to org.springdoc.webmvc.ui.SwaggerConfigResource#openapiJson(HttpServletRequest)
2025-12-08 20:24:18.995 [http-nio-8089-exec-8] DEBUG o.s.web.servlet.DispatcherServlet - GET "/swagger-ui/favicon-32x32.png", parameters={}
2025-12-08 20:24:18.996 [http-nio-8089-exec-8] DEBUG o.s.w.s.h.SimpleUrlHandlerMapping - Mapped to ResourceHttpRequestHandler [classpath [META-INF/resources/webjars/]]
2025-12-08 20:24:18.999 [http-nio-8089-exec-8] DEBUG o.s.web.servlet.DispatcherServlet - Completed 200 OK
2025-12-08 20:24:19.018 [http-nio-8089-exec-7] INFO  c.s.s.config.LoggingAspect - 📥 Requête entrante: GET /v3/api-docs/swagger-config | Méthode: org.springdoc.webmvc.ui.SwaggerConfigResource.openapiJson | Paramètres: [SecurityContextHolderAwareRequestWrapper[ org.springframework.security.web.header.HeaderWriterFilter$HeaderWriterRequest@4653f911]]
2025-12-08 20:24:19.019 [http-nio-8089-exec-7] INFO  c.s.s.config.LoggingAspect - 📤 Réponse envoyée: org.springdoc.webmvc.ui.SwaggerConfigResource.openapiJson | Résultat: SynchronizedSortedMap
2025-12-08 20:24:19.024 [http-nio-8089-exec-7] DEBUG o.s.w.s.m.m.a.RequestResponseBodyMethodProcessor - Using 'application/json', given [*/*] and supported [application/json]
2025-12-08 20:24:19.027 [http-nio-8089-exec-7] DEBUG o.s.w.s.m.m.a.RequestResponseBodyMethodProcessor - Writing [{configUrl=/v3/api-docs/swagger-config, oauth2RedirectUrl=http://localhost:8089/swagger-ui/oauth2-re (truncated)...]
2025-12-08 20:24:19.032 [http-nio-8089-exec-7] DEBUG o.s.web.servlet.DispatcherServlet - Completed 200 OK
2025-12-08 20:24:19.050 [http-nio-8089-exec-9] DEBUG o.s.security.web.FilterChainProxy - Securing GET /v3/api-docs
2025-12-08 20:24:19.051 [http-nio-8089-exec-9] DEBUG o.s.s.w.a.AnonymousAuthenticationFilter - Set SecurityContextHolder to anonymous SecurityContext
2025-12-08 20:24:19.052 [http-nio-8089-exec-9] DEBUG o.s.security.web.FilterChainProxy - Secured GET /v3/api-docs
2025-12-08 20:24:19.052 [http-nio-8089-exec-9] DEBUG o.s.web.servlet.DispatcherServlet - GET "/v3/api-docs", parameters={}
2025-12-08 20:24:19.052 [http-nio-8089-exec-9] DEBUG o.s.w.s.m.m.a.RequestMappingHandlerMapping - Mapped to org.springdoc.webmvc.api.OpenApiWebMvcResource#openapiJson(HttpServletRequest, String, Locale)
2025-12-08 20:24:19.064 [http-nio-8089-exec-9] INFO  c.s.s.config.LoggingAspect - 📥 Requête entrante: GET /v3/api-docs | Méthode: org.springdoc.webmvc.api.OpenApiWebMvcResource.openapiJson | Paramètres: [SecurityContextHolderAwareRequestWrapper[ org.springframework.security.web.header.HeaderWriterFilter$HeaderWriterRequest@47d91d85], /v3/api-docs, fr]
2025-12-08 20:24:19.665 [http-nio-8089-exec-9] INFO  o.s.api.AbstractOpenApiResource - Init duration for springdoc-openapi is: 598 ms
2025-12-08 20:24:19.700 [http-nio-8089-exec-9] INFO  c.s.s.config.LoggingAspect - 📤 Réponse envoyée: org.springdoc.webmvc.api.OpenApiWebMvcResource.openapiJson | Résultat: byte[]
2025-12-08 20:24:19.700 [http-nio-8089-exec-9] DEBUG o.s.w.s.m.m.a.RequestResponseBodyMethodProcessor - Using 'application/json', given [application/json, */*] and supported [application/json]
2025-12-08 20:24:19.703 [http-nio-8089-exec-9] DEBUG o.s.w.s.m.m.a.RequestResponseBodyMethodProcessor - Writing [{123, 34, 111, 112, 101, 110, 97, 112, 105, 34, 58, 34, 51, 46, 48, 46, 49, 34, 44, 34, 105, 110, 10 (truncated)...]
2025-12-08 20:24:19.704 [http-nio-8089-exec-9] DEBUG o.s.web.servlet.DispatcherServlet - Completed 200 OK
2025-12-08 20:24:48.810 [http-nio-8089-exec-10] DEBUG o.s.security.web.FilterChainProxy - Securing GET /api/salles
2025-12-08 20:24:48.810 [http-nio-8089-exec-10] DEBUG o.s.s.w.a.AnonymousAuthenticationFilter - Set SecurityContextHolder to anonymous SecurityContext
2025-12-08 20:24:48.833 [http-nio-8089-exec-10] DEBUG o.s.security.web.FilterChainProxy - Securing GET /error
2025-12-08 20:24:48.835 [http-nio-8089-exec-10] DEBUG o.s.s.w.a.AnonymousAuthenticationFilter - Set SecurityContextHolder to anonymous SecurityContext
